app/build/outputs/logs/manifest-merger-debug-report.txt
-- Merging decision tree log ---
manifest
ADDED from src\main\AndroidManifest.xml:2:1-67:12
	package
		ADDED from src\main\AndroidManifest.xml:3:5-52
		INJECTED from src\main\AndroidManifest.xml
		INJECTED from src\main\AndroidManifest.xml
	android:versionName
		INJECTED from src\main\AndroidManifest.xml
		INJECTED from src\main\AndroidManifest.xml
	xmlns:android
		ADDED from src\main\AndroidManifest.xml:2:11-69
	android:versionCode
		INJECTED from src\main\AndroidManifest.xml
		INJECTED from src\main\AndroidManifest.xml
uses-permission#android.permission.ACCESS_NETWORK_STATE
ADDED from src\main\AndroidManifest.xml:5:5-79
	android:name
		ADDED from src\main\AndroidManifest.xml:5:22-76
uses-permission#android.permission.INTERNET
ADDED from src\main\AndroidManifest.xml:6:5-67
	android:name
		ADDED from src\main\AndroidManifest.xml:6:22-64
uses-permission#android.permission.READ_SMS
ADDED from src\main\AndroidManifest.xml:7:5-67
	android:name
		ADDED from src\main\AndroidManifest.xml:7:22-64
uses-permission#android.permission.WRITE_SMS
ADDED from src\main\AndroidManifest.xml:8:5-68
	android:name
		ADDED from src\main\AndroidManifest.xml:8:22-65
application
ADDED from src\main\AndroidManifest.xml:10:5-65:19
MERGED from [com.android.support:appcompat-v7:23.4.0] AndroidManifest.xml:25:5-20
MERGED from [com.android.support:animated-vector-drawable:23.4.0] AndroidManifest.xml:7:5-20
MERGED from [com.android.support:support-vector-drawable:23.4.0] AndroidManifest.xml:7:5-20
MERGED from [com.android.support:support-v4:23.4.0] AndroidManifest.xml:22:5-20
MERGED from [com.android.support:support-v4:23.4.0] AndroidManifest.xml:22:5-20
MERGED from [com.android.support:support-vector-drawable:23.4.0] AndroidManifest.xml:7:5-20
MERGED from [com.android.support:support-v4:23.4.0] AndroidManifest.xml:22:5-20
MERGED from [com.android.support:percent:23.2.0] AndroidManifest.xml:22:5-20
MERGED from [com.android.support:support-v4:23.4.0] AndroidManifest.xml:22:5-20
	android:label
		ADDED from src\main\AndroidManifest.xml:13:9-41
	android:supportsRtl
		ADDED from src\main\AndroidManifest.xml:15:9-35
	android:launchMode
		ADDED from src\main\AndroidManifest.xml:14:9-39
	android:allowBackup
		ADDED from src\main\AndroidManifest.xml:11:9-35
	android:icon
		ADDED from src\main\AndroidManifest.xml:12:9-43
	android:theme
		ADDED from src\main\AndroidManifest.xml:16:9-40
activity#com.cm.xingyu.networkprogramminglearn.MainActivity
ADDED from src\main\AndroidManifest.xml:17:9-50
	android:name
		ADDED from src\main\AndroidManifest.xml:17:19-47
activity#com.cm.xingyu.networkprogramminglearn.AnimationLearn.AnimationActivity
ADDED from src\main\AndroidManifest.xml:18:9-70
	android:name
		ADDED from src\main\AndroidManifest.xml:18:19-67
activity#com.cm.xingyu.networkprogramminglearn.WebViewLearn.WebJsActiviry
ADDED from src\main\AndroidManifest.xml:19:9-64
	android:name
		ADDED from src\main\AndroidManifest.xml:19:19-61
activity#com.cm.xingyu.networkprogramminglearn.FileSaveAndRead.FileReadAndWrite
ADDED from src\main\AndroidManifest.xml:20:9-38:20
	android:name
		ADDED from src\main\AndroidManifest.xml:20:19-67
intent-filter#android.intent.action.SEND+android.intent.category.DEFAULT
ADDED from src\main\AndroidManifest.xml:21:13-27:29
action#android.intent.action.SEND
ADDED from src\main\AndroidManifest.xml:22:17-69
	android:name
		ADDED from src\main\AndroidManifest.xml:22:25-66
category#android.intent.category.DEFAULT
ADDED from src\main\AndroidManifest.xml:24:17-76
	android:name
		ADDED from src\main\AndroidManifest.xml:24:27-73
data
ADDED from src\main\AndroidManifest.xml:26:17-78
	android:mimeType
		ADDED from src\main\AndroidManifest.xml:26:23-75
intent-filter#android.intent.action.SEND+android.intent.action.SEND_MULTIPLE+android.intent.category.DEFAULT
ADDED from src\main\AndroidManifest.xml:28:13-37:29
action#android.intent.action.SEND_MULTIPLE
ADDED from src\main\AndroidManifest.xml:30:17-78
	android:name
		ADDED from src\main\AndroidManifest.xml:30:25-75
activity#com.cm.xingyu.networkprogramminglearn.CustomeGraphic.CustomTestActivity
ADDED from src\main\AndroidManifest.xml:39:9-48:20
	android:alwaysRetainTaskState
		ADDED from src\main\AndroidManifest.xml:41:13-49
	android:name
		ADDED from src\main\AndroidManifest.xml:40:13-62
intent-filter#android.intent.action.MAIN+android.intent.category.LAUNCHER
ADDED from src\main\AndroidManifest.xml:42:13-46:29
action#android.intent.action.MAIN
ADDED from src\main\AndroidManifest.xml:43:17-69
	android:name
		ADDED from src\main\AndroidManifest.xml:43:25-66
category#android.intent.category.LAUNCHER
ADDED from src\main\AndroidManifest.xml:45:17-77
	android:name
		ADDED from src\main\AndroidManifest.xml:45:27-74
activity#com.cm.xingyu.networkprogramminglearn.RxJavaLean.RxJavaExcute
ADDED from src\main\AndroidManifest.xml:49:9-51:20
	android:name
		ADDED from src\main\AndroidManifest.xml:49:19-58
service#com.cm.xingyu.networkprogramminglearn.AIDLLearn.RemoteService
ADDED from src\main\AndroidManifest.xml:53:9-59:19
	android:name
		ADDED from src\main\AndroidManifest.xml:53:18-57
intent-filter#android.intent.category.DEFAULT+com.cm.xingyu.networkprogramminglearn.AIDLLearn.RemoteService
ADDED from src\main\AndroidManifest.xml:54:13-58:29
action#com.cm.xingyu.networkprogramminglearn.AIDLLearn.RemoteService
ADDED from src\main\AndroidManifest.xml:55:17-104
	android:name
		ADDED from src\main\AndroidManifest.xml:55:25-101
activity#com.cm.xingyu.networkprogramminglearn.CustomeGraphic.HeartAnim
ADDED from src\main\AndroidManifest.xml:61:9-71
	android:name
		ADDED from src\main\AndroidManifest.xml:61:19-59
activity#com.cm.xingyu.networkprogramminglearn.LineChart.LineChartActivity
ADDED from src\main\AndroidManifest.xml:62:9-64:20
	android:name
		ADDED from src\main\AndroidManifest.xml:62:19-62
uses-sdk
INJECTED from src\main\AndroidManifest.xml reason: use-sdk injection requested
MERGED from [com.android.support:multidex:1.0.1] AndroidManifest.xml:18:5-42
MERGED from [com.android.support:appcompat-v7:23.4.0] AndroidManifest.xml:21:5-23:78
MERGED from [com.android.support:animated-vector-drawable:23.4.0] AndroidManifest.xml:5:5-44
MERGED from [com.android.support:support-vector-drawable:23.4.0] AndroidManifest.xml:5:5-43
MERGED from [com.android.support:support-v4:23.4.0] AndroidManifest.xml:20:5-43
MERGED from [com.android.support:support-v4:23.4.0] AndroidManifest.xml:20:5-43
MERGED from [com.android.support:support-vector-drawable:23.4.0] AndroidManifest.xml:5:5-43
MERGED from [com.android.support:support-v4:23.4.0] AndroidManifest.xml:20:5-43
MERGED from [com.android.support:percent:23.2.0] AndroidManifest.xml:20:5-43
MERGED from [com.android.support:support-v4:23.4.0] AndroidManifest.xml:20:5-43
	tools:overrideLibrary
		ADDED from [com.android.support:appcompat-v7:23.4.0] AndroidManifest.xml:23:9-75
	android:targetSdkVersion
		INJECTED from src\main\AndroidManifest.xml
		INJECTED from src\main\AndroidManifest.xml
	android:minSdkVersion
		INJECTED from src\main\AndroidManifest.xml
		INJECTED from src\main\AndroidManifest.xml